{"/home/w3e17/hotel-api-ts/src/controllers/hotelController.ts": {"path":"/home/w3e17/hotel-api-ts/src/controllers/hotelController.ts","statementMap":{"0":{"start":{"line":1,"column":0},"end":{"line":1,"column":20}},"1":{"start":{"line":2,"column":0},"end":{"line":2,"column":24}},"2":{"start":{"line":3,"column":0},"end":{"line":3,"column":36}},"3":{"start":{"line":5,"column":0},"end":{"line":5,"column":30}},"4":{"start":{"line":7,"column":24},"end":{"line":7,"column":64}},"5":{"start":{"line":7,"column":38},"end":{"line":7,"column":64}},"6":{"start":{"line":10,"column":27},"end":{"line":71,"column":3}},"7":{"start":{"line":11,"column":4},"end":{"line":70,"column":5}},"8":{"start":{"line":12,"column":147},"end":{"line":12,"column":155}},"9":{"start":{"line":14,"column":6},"end":{"line":16,"column":7}},"10":{"start":{"line":15,"column":8},"end":{"line":15,"column":67}},"11":{"start":{"line":18,"column":22},"end":{"line":18,"column":39}},"12":{"start":{"line":19,"column":19},"end":{"line":19,"column":64}},"13":{"start":{"line":20,"column":21},"end":{"line":20,"column":114}},"14":{"start":{"line":20,"column":82},"end":{"line":20,"column":108}},"15":{"start":{"line":22,"column":23},"end":{"line":51,"column":8}},"16":{"start":{"line":37,"column":50},"end":{"line":43,"column":14}},"17":{"start":{"line":44,"column":38},"end":{"line":50,"column":14}},"18":{"start":{"line":54,"column":28},"end":{"line":54,"column":62}},"19":{"start":{"line":55,"column":30},"end":{"line":55,"column":64}},"20":{"start":{"line":56,"column":6},"end":{"line":58,"column":7}},"21":{"start":{"line":57,"column":8},"end":{"line":57,"column":36}},"22":{"start":{"line":59,"column":6},"end":{"line":61,"column":7}},"23":{"start":{"line":60,"column":8},"end":{"line":60,"column":38}},"24":{"start":{"line":64,"column":23},"end":{"line":64,"column":66}},"25":{"start":{"line":65,"column":6},"end":{"line":65,"column":68}},"26":{"start":{"line":67,"column":6},"end":{"line":67,"column":87}},"27":{"start":{"line":69,"column":6},"end":{"line":69,"column":80}},"28":{"start":{"line":10,"column":13},"end":{"line":10,"column":27}},"29":{"start":{"line":76,"column":28},"end":{"line":127,"column":1}},"30":{"start":{"line":77,"column":2},"end":{"line":126,"column":3}},"31":{"start":{"line":78,"column":20},"end":{"line":78,"column":37}},"32":{"start":{"line":80,"column":4},"end":{"line":80,"column":47}},"33":{"start":{"line":82,"column":4},"end":{"line":85,"column":5}},"34":{"start":{"line":83,"column":6},"end":{"line":83,"column":62}},"35":{"start":{"line":84,"column":6},"end":{"line":84,"column":13}},"36":{"start":{"line":88,"column":21},"end":{"line":88,"column":71}},"37":{"start":{"line":89,"column":4},"end":{"line":89,"column":52}},"38":{"start":{"line":92,"column":4},"end":{"line":96,"column":5}},"39":{"start":{"line":93,"column":6},"end":{"line":93,"column":61}},"40":{"start":{"line":94,"column":6},"end":{"line":94,"column":57}},"41":{"start":{"line":95,"column":6},"end":{"line":95,"column":13}},"42":{"start":{"line":98,"column":4},"end":{"line":98,"column":46}},"43":{"start":{"line":101,"column":22},"end":{"line":101,"column":115}},"44":{"start":{"line":101,"column":83},"end":{"line":101,"column":109}},"45":{"start":{"line":103,"column":4},"end":{"line":107,"column":5}},"46":{"start":{"line":104,"column":6},"end":{"line":104,"column":58}},"47":{"start":{"line":105,"column":6},"end":{"line":105,"column":60}},"48":{"start":{"line":106,"column":6},"end":{"line":106,"column":13}},"49":{"start":{"line":110,"column":22},"end":{"line":110,"column":68}},"50":{"start":{"line":112,"column":4},"end":{"line":114,"column":5}},"51":{"start":{"line":113,"column":6},"end":{"line":113,"column":28}},"52":{"start":{"line":116,"column":4},"end":{"line":116,"column":53}},"53":{"start":{"line":118,"column":4},"end":{"line":118,"column":40}},"54":{"start":{"line":120,"column":4},"end":{"line":120,"column":67}},"55":{"start":{"line":122,"column":4},"end":{"line":122,"column":89}},"56":{"start":{"line":124,"column":4},"end":{"line":124,"column":60}},"57":{"start":{"line":125,"column":4},"end":{"line":125,"column":80}},"58":{"start":{"line":76,"column":13},"end":{"line":76,"column":28}},"59":{"start":{"line":131,"column":24},"end":{"line":163,"column":1}},"60":{"start":{"line":132,"column":2},"end":{"line":162,"column":3}},"61":{"start":{"line":133,"column":24},"end":{"line":133,"column":34}},"62":{"start":{"line":135,"column":4},"end":{"line":135,"column":47}},"63":{"start":{"line":138,"column":21},"end":{"line":138,"column":71}},"64":{"start":{"line":139,"column":4},"end":{"line":139,"column":52}},"65":{"start":{"line":142,"column":4},"end":{"line":146,"column":5}},"66":{"start":{"line":143,"column":6},"end":{"line":143,"column":61}},"67":{"start":{"line":144,"column":6},"end":{"line":144,"column":57}},"68":{"start":{"line":145,"column":6},"end":{"line":145,"column":13}},"69":{"start":{"line":149,"column":22},"end":{"line":149,"column":68}},"70":{"start":{"line":152,"column":22},"end":{"line":152,"column":36}},"71":{"start":{"line":153,"column":4},"end":{"line":157,"column":8}},"72":{"start":{"line":153,"column":58},"end":{"line":157,"column":6}},"73":{"start":{"line":158,"column":4},"end":{"line":158,"column":36}},"74":{"start":{"line":160,"column":4},"end":{"line":160,"column":60}},"75":{"start":{"line":161,"column":4},"end":{"line":161,"column":80}},"76":{"start":{"line":131,"column":13},"end":{"line":131,"column":24}},"77":{"start":{"line":165,"column":25},"end":{"line":202,"column":1}},"78":{"start":{"line":166,"column":2},"end":{"line":201,"column":3}},"79":{"start":{"line":167,"column":26},"end":{"line":167,"column":57}},"80":{"start":{"line":170,"column":23},"end":{"line":171,"column":69}},"81":{"start":{"line":171,"column":22},"end":{"line":171,"column":68}},"82":{"start":{"line":174,"column":19},"end":{"line":190,"column":19}},"83":{"start":{"line":175,"column":6},"end":{"line":188,"column":7}},"84":{"start":{"line":176,"column":25},"end":{"line":176,"column":55}},"85":{"start":{"line":177,"column":28},"end":{"line":177,"column":69}},"86":{"start":{"line":179,"column":8},"end":{"line":182,"column":9}},"87":{"start":{"line":180,"column":10},"end":{"line":180,"column":55}},"88":{"start":{"line":181,"column":10},"end":{"line":181,"column":29}},"89":{"start":{"line":184,"column":26},"end":{"line":184,"column":49}},"90":{"start":{"line":185,"column":8},"end":{"line":185,"column":36}},"91":{"start":{"line":187,"column":8},"end":{"line":187,"column":65}},"92":{"start":{"line":189,"column":6},"end":{"line":189,"column":25}},"93":{"start":{"line":192,"column":4},"end":{"line":195,"column":5}},"94":{"start":{"line":193,"column":6},"end":{"line":193,"column":59}},"95":{"start":{"line":194,"column":6},"end":{"line":194,"column":13}},"96":{"start":{"line":197,"column":4},"end":{"line":197,"column":33}},"97":{"start":{"line":199,"column":4},"end":{"line":199,"column":61}},"98":{"start":{"line":200,"column":4},"end":{"line":200,"column":81}},"99":{"start":{"line":165,"column":13},"end":{"line":165,"column":25}},"100":{"start":{"line":206,"column":27},"end":{"line":257,"column":1}},"101":{"start":{"line":207,"column":2},"end":{"line":256,"column":3}},"102":{"start":{"line":208,"column":24},"end":{"line":208,"column":34}},"103":{"start":{"line":209,"column":24},"end":{"line":209,"column":32}},"104":{"start":{"line":212,"column":21},"end":{"line":212,"column":71}},"105":{"start":{"line":213,"column":4},"end":{"line":213,"column":52}},"106":{"start":{"line":215,"column":4},"end":{"line":219,"column":5}},"107":{"start":{"line":216,"column":6},"end":{"line":216,"column":61}},"108":{"start":{"line":217,"column":6},"end":{"line":217,"column":57}},"109":{"start":{"line":218,"column":6},"end":{"line":218,"column":13}},"110":{"start":{"line":221,"column":22},"end":{"line":221,"column":68}},"111":{"start":{"line":224,"column":25},"end":{"line":237,"column":6}},"112":{"start":{"line":240,"column":4},"end":{"line":240,"column":83}},"113":{"start":{"line":243,"column":4},"end":{"line":247,"column":8}},"114":{"start":{"line":243,"column":64},"end":{"line":247,"column":6}},"115":{"start":{"line":250,"column":4},"end":{"line":250,"column":70}},"116":{"start":{"line":252,"column":4},"end":{"line":252,"column":89}},"117":{"start":{"line":254,"column":4},"end":{"line":254,"column":58}},"118":{"start":{"line":255,"column":4},"end":{"line":255,"column":78}},"119":{"start":{"line":206,"column":13},"end":{"line":206,"column":27}},"120":{"start":{"line":260,"column":0},"end":{"line":266,"column":2}}},"fnMap":{"0":{"name":"(anonymous_1)","decl":{"start":{"line":7,"column":24},"end":{"line":7,"column":35}},"loc":{"start":{"line":7,"column":38},"end":{"line":7,"column":64}}},"1":{"name":"(anonymous_2)","decl":{"start":{"line":10,"column":27},"end":{"line":10,"column":28}},"loc":{"start":{"line":10,"column":65},"end":{"line":71,"column":3}}},"2":{"name":"(anonymous_3)","decl":{"start":{"line":20,"column":74},"end":{"line":20,"column":78}},"loc":{"start":{"line":20,"column":82},"end":{"line":20,"column":108}}},"3":{"name":"(anonymous_4)","decl":{"start":{"line":37,"column":34},"end":{"line":37,"column":35}},"loc":{"start":{"line":37,"column":50},"end":{"line":43,"column":14}}},"4":{"name":"(anonymous_5)","decl":{"start":{"line":44,"column":22},"end":{"line":44,"column":23}},"loc":{"start":{"line":44,"column":38},"end":{"line":50,"column":14}}},"5":{"name":"(anonymous_6)","decl":{"start":{"line":76,"column":28},"end":{"line":76,"column":33}},"loc":{"start":{"line":76,"column":81},"end":{"line":127,"column":1}}},"6":{"name":"(anonymous_7)","decl":{"start":{"line":101,"column":75},"end":{"line":101,"column":79}},"loc":{"start":{"line":101,"column":83},"end":{"line":101,"column":109}}},"7":{"name":"(anonymous_8)","decl":{"start":{"line":131,"column":24},"end":{"line":131,"column":29}},"loc":{"start":{"line":131,"column":77},"end":{"line":163,"column":1}}},"8":{"name":"(anonymous_9)","decl":{"start":{"line":153,"column":42},"end":{"line":153,"column":43}},"loc":{"start":{"line":153,"column":58},"end":{"line":157,"column":6}}},"9":{"name":"(anonymous_10)","decl":{"start":{"line":165,"column":25},"end":{"line":165,"column":30}},"loc":{"start":{"line":165,"column":78},"end":{"line":202,"column":1}}},"10":{"name":"(anonymous_11)","decl":{"start":{"line":171,"column":14},"end":{"line":171,"column":18}},"loc":{"start":{"line":171,"column":22},"end":{"line":171,"column":68}}},"11":{"name":"(anonymous_12)","decl":{"start":{"line":174,"column":37},"end":{"line":174,"column":38}},"loc":{"start":{"line":174,"column":59},"end":{"line":190,"column":5}}},"12":{"name":"(anonymous_13)","decl":{"start":{"line":206,"column":27},"end":{"line":206,"column":32}},"loc":{"start":{"line":206,"column":80},"end":{"line":257,"column":1}}},"13":{"name":"(anonymous_14)","decl":{"start":{"line":243,"column":48},"end":{"line":243,"column":49}},"loc":{"start":{"line":243,"column":64},"end":{"line":247,"column":6}}}},"branchMap":{"0":{"loc":{"start":{"line":14,"column":6},"end":{"line":16,"column":7}},"type":"if","locations":[{"start":{"line":14,"column":6},"end":{"line":16,"column":7}}]},"1":{"loc":{"start":{"line":14,"column":10},"end":{"line":14,"column":132}},"type":"binary-expr","locations":[{"start":{"line":14,"column":10},"end":{"line":14,"column":16}},{"start":{"line":14,"column":20},"end":{"line":14,"column":32}},{"start":{"line":14,"column":36},"end":{"line":14,"column":48}},{"start":{"line":14,"column":52},"end":{"line":14,"column":66}},{"start":{"line":14,"column":70},"end":{"line":14,"column":85}},{"start":{"line":14,"column":89},"end":{"line":14,"column":99}},{"start":{"line":14,"column":103},"end":{"line":14,"column":120}},{"start":{"line":14,"column":124},"end":{"line":14,"column":132}}]},"2":{"loc":{"start":{"line":20,"column":21},"end":{"line":20,"column":114}},"type":"cond-expr","locations":[{"start":{"line":20,"column":34},"end":{"line":20,"column":109}},{"start":{"line":20,"column":112},"end":{"line":20,"column":114}}]},"3":{"loc":{"start":{"line":31,"column":19},"end":{"line":31,"column":78}},"type":"cond-expr","locations":[{"start":{"line":31,"column":46},"end":{"line":31,"column":55}},{"start":{"line":31,"column":58},"end":{"line":31,"column":78}}]},"4":{"loc":{"start":{"line":32,"column":26},"end":{"line":32,"column":112}},"type":"cond-expr","locations":[{"start":{"line":32,"column":65},"end":{"line":32,"column":93}},{"start":{"line":32,"column":96},"end":{"line":32,"column":112}}]},"5":{"loc":{"start":{"line":36,"column":15},"end":{"line":50,"column":15}},"type":"cond-expr","locations":[{"start":{"line":37,"column":12},"end":{"line":43,"column":15}},{"start":{"line":44,"column":12},"end":{"line":50,"column":15}}]},"6":{"loc":{"start":{"line":56,"column":6},"end":{"line":58,"column":7}},"type":"if","locations":[{"start":{"line":56,"column":6},"end":{"line":58,"column":7}}]},"7":{"loc":{"start":{"line":59,"column":6},"end":{"line":61,"column":7}},"type":"if","locations":[{"start":{"line":59,"column":6},"end":{"line":61,"column":7}}]},"8":{"loc":{"start":{"line":82,"column":4},"end":{"line":85,"column":5}},"type":"if","locations":[{"start":{"line":82,"column":4},"end":{"line":85,"column":5}}]},"9":{"loc":{"start":{"line":92,"column":4},"end":{"line":96,"column":5}},"type":"if","locations":[{"start":{"line":92,"column":4},"end":{"line":96,"column":5}}]},"10":{"loc":{"start":{"line":101,"column":22},"end":{"line":101,"column":115}},"type":"cond-expr","locations":[{"start":{"line":101,"column":35},"end":{"line":101,"column":110}},{"start":{"line":101,"column":113},"end":{"line":101,"column":115}}]},"11":{"loc":{"start":{"line":103,"column":4},"end":{"line":107,"column":5}},"type":"if","locations":[{"start":{"line":103,"column":4},"end":{"line":107,"column":5}}]},"12":{"loc":{"start":{"line":112,"column":4},"end":{"line":114,"column":5}},"type":"if","locations":[{"start":{"line":112,"column":4},"end":{"line":114,"column":5}}]},"13":{"loc":{"start":{"line":142,"column":4},"end":{"line":146,"column":5}},"type":"if","locations":[{"start":{"line":142,"column":4},"end":{"line":146,"column":5}}]},"14":{"loc":{"start":{"line":171,"column":22},"end":{"line":171,"column":68}},"type":"binary-expr","locations":[{"start":{"line":171,"column":22},"end":{"line":171,"column":44}},{"start":{"line":171,"column":48},"end":{"line":171,"column":68}}]},"15":{"loc":{"start":{"line":179,"column":8},"end":{"line":182,"column":9}},"type":"if","locations":[{"start":{"line":179,"column":8},"end":{"line":182,"column":9}}]},"16":{"loc":{"start":{"line":192,"column":4},"end":{"line":195,"column":5}},"type":"if","locations":[{"start":{"line":192,"column":4},"end":{"line":195,"column":5}}]},"17":{"loc":{"start":{"line":215,"column":4},"end":{"line":219,"column":5}},"type":"if","locations":[{"start":{"line":215,"column":4},"end":{"line":219,"column":5}}]},"18":{"loc":{"start":{"line":227,"column":19},"end":{"line":227,"column":102}},"type":"cond-expr","locations":[{"start":{"line":227,"column":45},"end":{"line":227,"column":78}},{"start":{"line":227,"column":81},"end":{"line":227,"column":102}}]},"19":{"loc":{"start":{"line":228,"column":21},"end":{"line":228,"column":110}},"type":"cond-expr","locations":[{"start":{"line":228,"column":49},"end":{"line":228,"column":84}},{"start":{"line":228,"column":87},"end":{"line":228,"column":110}}]},"20":{"loc":{"start":{"line":229,"column":22},"end":{"line":229,"column":114}},"type":"cond-expr","locations":[{"start":{"line":229,"column":51},"end":{"line":229,"column":87}},{"start":{"line":229,"column":90},"end":{"line":229,"column":114}}]},"21":{"loc":{"start":{"line":230,"column":16},"end":{"line":230,"column":92}},"type":"cond-expr","locations":[{"start":{"line":230,"column":39},"end":{"line":230,"column":71}},{"start":{"line":230,"column":74},"end":{"line":230,"column":92}}]},"22":{"loc":{"start":{"line":231,"column":17},"end":{"line":231,"column":96}},"type":"cond-expr","locations":[{"start":{"line":231,"column":41},"end":{"line":231,"column":74}},{"start":{"line":231,"column":77},"end":{"line":231,"column":96}}]},"23":{"loc":{"start":{"line":232,"column":17},"end":{"line":232,"column":99}},"type":"cond-expr","locations":[{"start":{"line":232,"column":56},"end":{"line":232,"column":77}},{"start":{"line":232,"column":80},"end":{"line":232,"column":99}}]},"24":{"loc":{"start":{"line":233,"column":24},"end":{"line":235,"column":36}},"type":"cond-expr","locations":[{"start":{"line":234,"column":10},"end":{"line":234,"column":38}},{"start":{"line":235,"column":10},"end":{"line":235,"column":36}}]},"25":{"loc":{"start":{"line":233,"column":24},"end":{"line":233,"column":120}},"type":"binary-expr","locations":[{"start":{"line":233,"column":24},"end":{"line":233,"column":72}},{"start":{"line":233,"column":76},"end":{"line":233,"column":120}}]},"26":{"loc":{"start":{"line":236,"column":13},"end":{"line":236,"column":83}},"type":"cond-expr","locations":[{"start":{"line":236,"column":48},"end":{"line":236,"column":65}},{"start":{"line":236,"column":68},"end":{"line":236,"column":83}}]}},"s":{"0":1,"1":1,"2":1,"3":1,"4":1,"5":1,"6":1,"7":1,"8":1,"9":1,"10":0,"11":1,"12":1,"13":1,"14":0,"15":1,"16":1,"17":0,"18":1,"19":1,"20":1,"21":0,"22":1,"23":0,"24":1,"25":1,"26":1,"27":0,"28":1,"29":1,"30":1,"31":1,"32":1,"33":1,"34":0,"35":0,"36":1,"37":1,"38":1,"39":0,"40":0,"41":0,"42":1,"43":1,"44":1,"45":1,"46":0,"47":0,"48":0,"49":1,"50":1,"51":0,"52":1,"53":1,"54":1,"55":1,"56":0,"57":0,"58":1,"59":1,"60":1,"61":1,"62":1,"63":1,"64":1,"65":1,"66":0,"67":0,"68":0,"69":1,"70":1,"71":1,"72":1,"73":1,"74":0,"75":0,"76":1,"77":1,"78":0,"79":0,"80":0,"81":0,"82":0,"83":0,"84":0,"85":0,"86":0,"87":0,"88":0,"89":0,"90":0,"91":0,"92":0,"93":0,"94":0,"95":0,"96":0,"97":0,"98":0,"99":1,"100":1,"101":1,"102":1,"103":1,"104":1,"105":1,"106":1,"107":0,"108":0,"109":0,"110":1,"111":1,"112":1,"113":1,"114":1,"115":1,"116":1,"117":0,"118":0,"119":1,"120":1},"f":{"0":1,"1":1,"2":0,"3":1,"4":0,"5":1,"6":1,"7":1,"8":1,"9":0,"10":0,"11":0,"12":1,"13":1},"b":{"0":[0],"1":[1,1,1,1,1,1,1,1],"2":[0,1],"3":[0,1],"4":[1,0],"5":[1,0],"6":[0],"7":[0],"8":[0],"9":[0],"10":[1,0],"11":[0],"12":[0],"13":[0],"14":[0,0],"15":[0],"16":[0],"17":[0],"18":[1,0],"19":[0,1],"20":[0,1],"21":[0,1],"22":[0,1],"23":[0,1],"24":[0,1],"25":[1,0],"26":[0,1]}}
,"/home/w3e17/hotel-api-ts/src/routes/hotelRoutes.ts": {"path":"/home/w3e17/hotel-api-ts/src/routes/hotelRoutes.ts","statementMap":{"0":{"start":{"line":1,"column":0},"end":{"line":1,"column":30}},"1":{"start":{"line":2,"column":0},"end":{"line":2,"column":61}},"2":{"start":{"line":3,"column":0},"end":{"line":3,"column":43}},"3":{"start":{"line":5,"column":15},"end":{"line":5,"column":31}},"4":{"start":{"line":7,"column":0},"end":{"line":7,"column":79}},"5":{"start":{"line":8,"column":0},"end":{"line":8,"column":81}},"6":{"start":{"line":9,"column":0},"end":{"line":9,"column":56}},"7":{"start":{"line":10,"column":0},"end":{"line":10,"column":48}},"8":{"start":{"line":11,"column":0},"end":{"line":11,"column":59}},"9":{"start":{"line":13,"column":0},"end":{"line":13,"column":22}}},"fnMap":{},"branchMap":{},"s":{"0":1,"1":1,"2":1,"3":1,"4":1,"5":1,"6":1,"7":1,"8":1,"9":1},"f":{},"b":{}}
}
