{"/home/w3e17/hotel-api-ts/src/controllers/hotelController.ts": {"path":"/home/w3e17/hotel-api-ts/src/controllers/hotelController.ts","statementMap":{"0":{"start":{"line":1,"column":0},"end":{"line":1,"column":20}},"1":{"start":{"line":2,"column":0},"end":{"line":2,"column":24}},"2":{"start":{"line":3,"column":0},"end":{"line":3,"column":36}},"3":{"start":{"line":5,"column":0},"end":{"line":5,"column":30}},"4":{"start":{"line":7,"column":24},"end":{"line":7,"column":64}},"5":{"start":{"line":7,"column":38},"end":{"line":7,"column":64}},"6":{"start":{"line":10,"column":27},"end":{"line":67,"column":3}},"7":{"start":{"line":11,"column":4},"end":{"line":66,"column":5}},"8":{"start":{"line":12,"column":147},"end":{"line":12,"column":155}},"9":{"start":{"line":14,"column":22},"end":{"line":14,"column":39}},"10":{"start":{"line":15,"column":19},"end":{"line":15,"column":64}},"11":{"start":{"line":16,"column":21},"end":{"line":16,"column":114}},"12":{"start":{"line":16,"column":82},"end":{"line":16,"column":108}},"13":{"start":{"line":18,"column":23},"end":{"line":47,"column":8}},"14":{"start":{"line":33,"column":50},"end":{"line":39,"column":14}},"15":{"start":{"line":40,"column":38},"end":{"line":46,"column":14}},"16":{"start":{"line":50,"column":28},"end":{"line":50,"column":62}},"17":{"start":{"line":51,"column":30},"end":{"line":51,"column":64}},"18":{"start":{"line":52,"column":6},"end":{"line":54,"column":7}},"19":{"start":{"line":53,"column":8},"end":{"line":53,"column":36}},"20":{"start":{"line":55,"column":6},"end":{"line":57,"column":7}},"21":{"start":{"line":56,"column":8},"end":{"line":56,"column":38}},"22":{"start":{"line":60,"column":23},"end":{"line":60,"column":66}},"23":{"start":{"line":61,"column":6},"end":{"line":61,"column":68}},"24":{"start":{"line":63,"column":6},"end":{"line":63,"column":87}},"25":{"start":{"line":65,"column":6},"end":{"line":65,"column":80}},"26":{"start":{"line":10,"column":13},"end":{"line":10,"column":27}},"27":{"start":{"line":72,"column":28},"end":{"line":123,"column":1}},"28":{"start":{"line":73,"column":2},"end":{"line":122,"column":3}},"29":{"start":{"line":74,"column":20},"end":{"line":74,"column":37}},"30":{"start":{"line":76,"column":4},"end":{"line":76,"column":47}},"31":{"start":{"line":78,"column":4},"end":{"line":81,"column":5}},"32":{"start":{"line":79,"column":6},"end":{"line":79,"column":62}},"33":{"start":{"line":80,"column":6},"end":{"line":80,"column":13}},"34":{"start":{"line":84,"column":21},"end":{"line":84,"column":71}},"35":{"start":{"line":85,"column":4},"end":{"line":85,"column":52}},"36":{"start":{"line":88,"column":4},"end":{"line":92,"column":5}},"37":{"start":{"line":89,"column":6},"end":{"line":89,"column":61}},"38":{"start":{"line":90,"column":6},"end":{"line":90,"column":57}},"39":{"start":{"line":91,"column":6},"end":{"line":91,"column":13}},"40":{"start":{"line":94,"column":4},"end":{"line":94,"column":46}},"41":{"start":{"line":97,"column":22},"end":{"line":97,"column":115}},"42":{"start":{"line":97,"column":83},"end":{"line":97,"column":109}},"43":{"start":{"line":99,"column":4},"end":{"line":103,"column":5}},"44":{"start":{"line":100,"column":6},"end":{"line":100,"column":58}},"45":{"start":{"line":101,"column":6},"end":{"line":101,"column":60}},"46":{"start":{"line":102,"column":6},"end":{"line":102,"column":13}},"47":{"start":{"line":106,"column":22},"end":{"line":106,"column":68}},"48":{"start":{"line":108,"column":4},"end":{"line":110,"column":5}},"49":{"start":{"line":109,"column":6},"end":{"line":109,"column":28}},"50":{"start":{"line":112,"column":4},"end":{"line":112,"column":53}},"51":{"start":{"line":114,"column":4},"end":{"line":114,"column":40}},"52":{"start":{"line":116,"column":4},"end":{"line":116,"column":67}},"53":{"start":{"line":118,"column":4},"end":{"line":118,"column":89}},"54":{"start":{"line":120,"column":4},"end":{"line":120,"column":60}},"55":{"start":{"line":121,"column":4},"end":{"line":121,"column":80}},"56":{"start":{"line":72,"column":13},"end":{"line":72,"column":28}},"57":{"start":{"line":127,"column":24},"end":{"line":151,"column":1}},"58":{"start":{"line":128,"column":2},"end":{"line":150,"column":3}},"59":{"start":{"line":129,"column":24},"end":{"line":129,"column":34}},"60":{"start":{"line":131,"column":4},"end":{"line":131,"column":47}},"61":{"start":{"line":134,"column":21},"end":{"line":134,"column":71}},"62":{"start":{"line":135,"column":4},"end":{"line":135,"column":52}},"63":{"start":{"line":138,"column":4},"end":{"line":142,"column":5}},"64":{"start":{"line":139,"column":6},"end":{"line":139,"column":61}},"65":{"start":{"line":140,"column":6},"end":{"line":140,"column":57}},"66":{"start":{"line":141,"column":6},"end":{"line":141,"column":13}},"67":{"start":{"line":145,"column":22},"end":{"line":145,"column":68}},"68":{"start":{"line":146,"column":4},"end":{"line":146,"column":36}},"69":{"start":{"line":148,"column":4},"end":{"line":148,"column":60}},"70":{"start":{"line":149,"column":4},"end":{"line":149,"column":80}},"71":{"start":{"line":127,"column":13},"end":{"line":127,"column":24}},"72":{"start":{"line":156,"column":27},"end":{"line":197,"column":1}},"73":{"start":{"line":157,"column":2},"end":{"line":196,"column":3}},"74":{"start":{"line":158,"column":24},"end":{"line":158,"column":34}},"75":{"start":{"line":159,"column":24},"end":{"line":159,"column":32}},"76":{"start":{"line":162,"column":21},"end":{"line":162,"column":71}},"77":{"start":{"line":163,"column":4},"end":{"line":163,"column":52}},"78":{"start":{"line":165,"column":4},"end":{"line":169,"column":5}},"79":{"start":{"line":166,"column":6},"end":{"line":166,"column":61}},"80":{"start":{"line":167,"column":6},"end":{"line":167,"column":57}},"81":{"start":{"line":168,"column":6},"end":{"line":168,"column":13}},"82":{"start":{"line":171,"column":22},"end":{"line":171,"column":68}},"83":{"start":{"line":174,"column":25},"end":{"line":187,"column":6}},"84":{"start":{"line":190,"column":4},"end":{"line":190,"column":70}},"85":{"start":{"line":192,"column":4},"end":{"line":192,"column":89}},"86":{"start":{"line":194,"column":4},"end":{"line":194,"column":58}},"87":{"start":{"line":195,"column":4},"end":{"line":195,"column":78}},"88":{"start":{"line":156,"column":13},"end":{"line":156,"column":27}},"89":{"start":{"line":200,"column":0},"end":{"line":205,"column":2}}},"fnMap":{"0":{"name":"(anonymous_1)","decl":{"start":{"line":7,"column":24},"end":{"line":7,"column":35}},"loc":{"start":{"line":7,"column":38},"end":{"line":7,"column":64}}},"1":{"name":"(anonymous_2)","decl":{"start":{"line":10,"column":27},"end":{"line":10,"column":28}},"loc":{"start":{"line":10,"column":65},"end":{"line":67,"column":3}}},"2":{"name":"(anonymous_3)","decl":{"start":{"line":16,"column":74},"end":{"line":16,"column":78}},"loc":{"start":{"line":16,"column":82},"end":{"line":16,"column":108}}},"3":{"name":"(anonymous_4)","decl":{"start":{"line":33,"column":34},"end":{"line":33,"column":35}},"loc":{"start":{"line":33,"column":50},"end":{"line":39,"column":14}}},"4":{"name":"(anonymous_5)","decl":{"start":{"line":40,"column":22},"end":{"line":40,"column":23}},"loc":{"start":{"line":40,"column":38},"end":{"line":46,"column":14}}},"5":{"name":"(anonymous_6)","decl":{"start":{"line":72,"column":28},"end":{"line":72,"column":33}},"loc":{"start":{"line":72,"column":81},"end":{"line":123,"column":1}}},"6":{"name":"(anonymous_7)","decl":{"start":{"line":97,"column":75},"end":{"line":97,"column":79}},"loc":{"start":{"line":97,"column":83},"end":{"line":97,"column":109}}},"7":{"name":"(anonymous_8)","decl":{"start":{"line":127,"column":24},"end":{"line":127,"column":29}},"loc":{"start":{"line":127,"column":77},"end":{"line":151,"column":1}}},"8":{"name":"(anonymous_9)","decl":{"start":{"line":156,"column":27},"end":{"line":156,"column":32}},"loc":{"start":{"line":156,"column":80},"end":{"line":197,"column":1}}}},"branchMap":{"0":{"loc":{"start":{"line":16,"column":21},"end":{"line":16,"column":114}},"type":"cond-expr","locations":[{"start":{"line":16,"column":34},"end":{"line":16,"column":109}},{"start":{"line":16,"column":112},"end":{"line":16,"column":114}}]},"1":{"loc":{"start":{"line":27,"column":19},"end":{"line":27,"column":78}},"type":"cond-expr","locations":[{"start":{"line":27,"column":46},"end":{"line":27,"column":55}},{"start":{"line":27,"column":58},"end":{"line":27,"column":78}}]},"2":{"loc":{"start":{"line":28,"column":26},"end":{"line":28,"column":112}},"type":"cond-expr","locations":[{"start":{"line":28,"column":65},"end":{"line":28,"column":93}},{"start":{"line":28,"column":96},"end":{"line":28,"column":112}}]},"3":{"loc":{"start":{"line":32,"column":15},"end":{"line":46,"column":15}},"type":"cond-expr","locations":[{"start":{"line":33,"column":12},"end":{"line":39,"column":15}},{"start":{"line":40,"column":12},"end":{"line":46,"column":15}}]},"4":{"loc":{"start":{"line":52,"column":6},"end":{"line":54,"column":7}},"type":"if","locations":[{"start":{"line":52,"column":6},"end":{"line":54,"column":7}}]},"5":{"loc":{"start":{"line":55,"column":6},"end":{"line":57,"column":7}},"type":"if","locations":[{"start":{"line":55,"column":6},"end":{"line":57,"column":7}}]},"6":{"loc":{"start":{"line":78,"column":4},"end":{"line":81,"column":5}},"type":"if","locations":[{"start":{"line":78,"column":4},"end":{"line":81,"column":5}}]},"7":{"loc":{"start":{"line":88,"column":4},"end":{"line":92,"column":5}},"type":"if","locations":[{"start":{"line":88,"column":4},"end":{"line":92,"column":5}}]},"8":{"loc":{"start":{"line":97,"column":22},"end":{"line":97,"column":115}},"type":"cond-expr","locations":[{"start":{"line":97,"column":35},"end":{"line":97,"column":110}},{"start":{"line":97,"column":113},"end":{"line":97,"column":115}}]},"9":{"loc":{"start":{"line":99,"column":4},"end":{"line":103,"column":5}},"type":"if","locations":[{"start":{"line":99,"column":4},"end":{"line":103,"column":5}}]},"10":{"loc":{"start":{"line":108,"column":4},"end":{"line":110,"column":5}},"type":"if","locations":[{"start":{"line":108,"column":4},"end":{"line":110,"column":5}}]},"11":{"loc":{"start":{"line":138,"column":4},"end":{"line":142,"column":5}},"type":"if","locations":[{"start":{"line":138,"column":4},"end":{"line":142,"column":5}}]},"12":{"loc":{"start":{"line":165,"column":4},"end":{"line":169,"column":5}},"type":"if","locations":[{"start":{"line":165,"column":4},"end":{"line":169,"column":5}}]},"13":{"loc":{"start":{"line":177,"column":19},"end":{"line":177,"column":102}},"type":"cond-expr","locations":[{"start":{"line":177,"column":45},"end":{"line":177,"column":78}},{"start":{"line":177,"column":81},"end":{"line":177,"column":102}}]},"14":{"loc":{"start":{"line":178,"column":21},"end":{"line":178,"column":110}},"type":"cond-expr","locations":[{"start":{"line":178,"column":49},"end":{"line":178,"column":84}},{"start":{"line":178,"column":87},"end":{"line":178,"column":110}}]},"15":{"loc":{"start":{"line":179,"column":22},"end":{"line":179,"column":114}},"type":"cond-expr","locations":[{"start":{"line":179,"column":51},"end":{"line":179,"column":87}},{"start":{"line":179,"column":90},"end":{"line":179,"column":114}}]},"16":{"loc":{"start":{"line":180,"column":16},"end":{"line":180,"column":92}},"type":"cond-expr","locations":[{"start":{"line":180,"column":39},"end":{"line":180,"column":71}},{"start":{"line":180,"column":74},"end":{"line":180,"column":92}}]},"17":{"loc":{"start":{"line":181,"column":17},"end":{"line":181,"column":96}},"type":"cond-expr","locations":[{"start":{"line":181,"column":41},"end":{"line":181,"column":74}},{"start":{"line":181,"column":77},"end":{"line":181,"column":96}}]},"18":{"loc":{"start":{"line":182,"column":17},"end":{"line":182,"column":99}},"type":"cond-expr","locations":[{"start":{"line":182,"column":56},"end":{"line":182,"column":77}},{"start":{"line":182,"column":80},"end":{"line":182,"column":99}}]},"19":{"loc":{"start":{"line":183,"column":24},"end":{"line":185,"column":36}},"type":"cond-expr","locations":[{"start":{"line":184,"column":10},"end":{"line":184,"column":38}},{"start":{"line":185,"column":10},"end":{"line":185,"column":36}}]},"20":{"loc":{"start":{"line":183,"column":24},"end":{"line":183,"column":120}},"type":"binary-expr","locations":[{"start":{"line":183,"column":24},"end":{"line":183,"column":72}},{"start":{"line":183,"column":76},"end":{"line":183,"column":120}}]},"21":{"loc":{"start":{"line":186,"column":13},"end":{"line":186,"column":83}},"type":"cond-expr","locations":[{"start":{"line":186,"column":48},"end":{"line":186,"column":65}},{"start":{"line":186,"column":68},"end":{"line":186,"column":83}}]}},"s":{"0":1,"1":1,"2":1,"3":1,"4":1,"5":1,"6":1,"7":1,"8":1,"9":1,"10":1,"11":1,"12":0,"13":1,"14":1,"15":0,"16":1,"17":1,"18":1,"19":0,"20":1,"21":0,"22":1,"23":1,"24":1,"25":0,"26":1,"27":1,"28":1,"29":1,"30":1,"31":1,"32":0,"33":0,"34":1,"35":1,"36":1,"37":0,"38":0,"39":0,"40":1,"41":1,"42":1,"43":1,"44":0,"45":0,"46":0,"47":1,"48":1,"49":0,"50":1,"51":1,"52":1,"53":1,"54":0,"55":0,"56":1,"57":1,"58":1,"59":1,"60":1,"61":1,"62":1,"63":1,"64":0,"65":0,"66":0,"67":1,"68":1,"69":0,"70":0,"71":1,"72":1,"73":1,"74":1,"75":1,"76":1,"77":1,"78":1,"79":0,"80":0,"81":0,"82":1,"83":1,"84":1,"85":1,"86":0,"87":0,"88":1,"89":1},"f":{"0":1,"1":1,"2":0,"3":1,"4":0,"5":1,"6":1,"7":1,"8":1},"b":{"0":[0,1],"1":[0,1],"2":[1,0],"3":[1,0],"4":[0],"5":[0],"6":[0],"7":[0],"8":[1,0],"9":[0],"10":[0],"11":[0],"12":[0],"13":[1,0],"14":[0,1],"15":[0,1],"16":[0,1],"17":[0,1],"18":[0,1],"19":[0,1],"20":[1,0],"21":[0,1]}}
,"/home/w3e17/hotel-api-ts/src/routes/hotelRoutes.ts": {"path":"/home/w3e17/hotel-api-ts/src/routes/hotelRoutes.ts","statementMap":{"0":{"start":{"line":1,"column":0},"end":{"line":1,"column":30}},"1":{"start":{"line":2,"column":0},"end":{"line":2,"column":61}},"2":{"start":{"line":3,"column":0},"end":{"line":3,"column":43}},"3":{"start":{"line":5,"column":15},"end":{"line":5,"column":31}},"4":{"start":{"line":7,"column":0},"end":{"line":7,"column":79}},"5":{"start":{"line":8,"column":0},"end":{"line":8,"column":81}},"6":{"start":{"line":9,"column":0},"end":{"line":9,"column":56}},"7":{"start":{"line":10,"column":0},"end":{"line":10,"column":59}},"8":{"start":{"line":12,"column":0},"end":{"line":12,"column":22}}},"fnMap":{},"branchMap":{},"s":{"0":1,"1":1,"2":1,"3":1,"4":1,"5":1,"6":1,"7":1,"8":1},"f":{},"b":{}}
}
