TN:
SF:src/controllers/hotelController.ts
FN:7,(anonymous_1)
FN:10,(anonymous_2)
FN:20,(anonymous_3)
FN:37,(anonymous_4)
FN:44,(anonymous_5)
FN:76,(anonymous_6)
FN:101,(anonymous_7)
FN:131,(anonymous_8)
FN:153,(anonymous_9)
FN:165,(anonymous_10)
FN:171,(anonymous_11)
FN:174,(anonymous_12)
FN:206,(anonymous_13)
FN:243,(anonymous_14)
FNF:14
FNH:9
FNDA:1,(anonymous_1)
FNDA:1,(anonymous_2)
FNDA:0,(anonymous_3)
FNDA:1,(anonymous_4)
FNDA:0,(anonymous_5)
FNDA:1,(anonymous_6)
FNDA:1,(anonymous_7)
FNDA:1,(anonymous_8)
FNDA:1,(anonymous_9)
FNDA:0,(anonymous_10)
FNDA:0,(anonymous_11)
FNDA:0,(anonymous_12)
FNDA:1,(anonymous_13)
FNDA:1,(anonymous_14)
DA:1,1
DA:2,1
DA:3,1
DA:5,1
DA:7,1
DA:10,1
DA:11,1
DA:12,1
DA:14,1
DA:15,0
DA:18,1
DA:19,1
DA:20,1
DA:22,1
DA:37,1
DA:44,0
DA:54,1
DA:55,1
DA:56,1
DA:57,0
DA:59,1
DA:60,0
DA:64,1
DA:65,1
DA:67,1
DA:69,0
DA:76,1
DA:77,1
DA:78,1
DA:80,1
DA:82,1
DA:83,0
DA:84,0
DA:88,1
DA:89,1
DA:92,1
DA:93,0
DA:94,0
DA:95,0
DA:98,1
DA:101,1
DA:103,1
DA:104,0
DA:105,0
DA:106,0
DA:110,1
DA:112,1
DA:113,0
DA:116,1
DA:118,1
DA:120,1
DA:122,1
DA:124,0
DA:125,0
DA:131,1
DA:132,1
DA:133,1
DA:135,1
DA:138,1
DA:139,1
DA:142,1
DA:143,0
DA:144,0
DA:145,0
DA:149,1
DA:152,1
DA:153,1
DA:158,1
DA:160,0
DA:161,0
DA:165,1
DA:166,0
DA:167,0
DA:170,0
DA:171,0
DA:174,0
DA:175,0
DA:176,0
DA:177,0
DA:179,0
DA:180,0
DA:181,0
DA:184,0
DA:185,0
DA:187,0
DA:189,0
DA:192,0
DA:193,0
DA:194,0
DA:197,0
DA:199,0
DA:200,0
DA:206,1
DA:207,1
DA:208,1
DA:209,1
DA:212,1
DA:213,1
DA:215,1
DA:216,0
DA:217,0
DA:218,0
DA:221,1
DA:224,1
DA:240,1
DA:243,1
DA:250,1
DA:252,1
DA:254,0
DA:255,0
DA:260,1
LF:111
LH:64
BRDA:14,0,0,0
BRDA:14,1,0,1
BRDA:14,1,1,1
BRDA:14,1,2,1
BRDA:14,1,3,1
BRDA:14,1,4,1
BRDA:14,1,5,1
BRDA:14,1,6,1
BRDA:14,1,7,1
BRDA:20,2,0,0
BRDA:20,2,1,1
BRDA:31,3,0,0
BRDA:31,3,1,1
BRDA:32,4,0,1
BRDA:32,4,1,0
BRDA:36,5,0,1
BRDA:36,5,1,0
BRDA:56,6,0,0
BRDA:59,7,0,0
BRDA:82,8,0,0
BRDA:92,9,0,0
BRDA:101,10,0,1
BRDA:101,10,1,0
BRDA:103,11,0,0
BRDA:112,12,0,0
BRDA:142,13,0,0
BRDA:171,14,0,0
BRDA:171,14,1,0
BRDA:179,15,0,0
BRDA:192,16,0,0
BRDA:215,17,0,0
BRDA:227,18,0,1
BRDA:227,18,1,0
BRDA:228,19,0,0
BRDA:228,19,1,1
BRDA:229,20,0,0
BRDA:229,20,1,1
BRDA:230,21,0,0
BRDA:230,21,1,1
BRDA:231,22,0,0
BRDA:231,22,1,1
BRDA:232,23,0,0
BRDA:232,23,1,1
BRDA:233,24,0,0
BRDA:233,24,1,1
BRDA:233,25,0,1
BRDA:233,25,1,0
BRDA:236,26,0,0
BRDA:236,26,1,1
BRF:49
BRH:22
end_of_record
TN:
SF:src/routes/hotelRoutes.ts
FNF:0
FNH:0
DA:1,1
DA:2,1
DA:3,1
DA:5,1
DA:7,1
DA:8,1
DA:9,1
DA:10,1
DA:11,1
DA:13,1
LF:10
LH:10
BRF:0
BRH:0
end_of_record
