TN:
SF:src/controllers/hotelController.ts
FN:7,(anonymous_1)
FN:10,(anonymous_2)
FN:16,(anonymous_3)
FN:33,(anonymous_4)
FN:40,(anonymous_5)
FN:72,(anonymous_6)
FN:97,(anonymous_7)
FN:127,(anonymous_8)
FN:156,(anonymous_9)
FNF:9
FNH:7
FNDA:1,(anonymous_1)
FNDA:1,(anonymous_2)
FNDA:0,(anonymous_3)
FNDA:1,(anonymous_4)
FNDA:0,(anonymous_5)
FNDA:1,(anonymous_6)
FNDA:1,(anonymous_7)
FNDA:1,(anonymous_8)
FNDA:1,(anonymous_9)
DA:1,1
DA:2,1
DA:3,1
DA:5,1
DA:7,1
DA:10,1
DA:11,1
DA:12,1
DA:14,1
DA:15,1
DA:16,1
DA:18,1
DA:33,1
DA:40,0
DA:50,1
DA:51,1
DA:52,1
DA:53,0
DA:55,1
DA:56,0
DA:60,1
DA:61,1
DA:63,1
DA:65,0
DA:72,1
DA:73,1
DA:74,1
DA:76,1
DA:78,1
DA:79,0
DA:80,0
DA:84,1
DA:85,1
DA:88,1
DA:89,0
DA:90,0
DA:91,0
DA:94,1
DA:97,1
DA:99,1
DA:100,0
DA:101,0
DA:102,0
DA:106,1
DA:108,1
DA:109,0
DA:112,1
DA:114,1
DA:116,1
DA:118,1
DA:120,0
DA:121,0
DA:127,1
DA:128,1
DA:129,1
DA:131,1
DA:134,1
DA:135,1
DA:138,1
DA:139,0
DA:140,0
DA:141,0
DA:145,1
DA:146,1
DA:148,0
DA:149,0
DA:156,1
DA:157,1
DA:158,1
DA:159,1
DA:162,1
DA:163,1
DA:165,1
DA:166,0
DA:167,0
DA:168,0
DA:171,1
DA:174,1
DA:190,1
DA:192,1
DA:194,0
DA:195,0
DA:200,1
LF:83
LH:58
BRDA:16,0,0,0
BRDA:16,0,1,1
BRDA:27,1,0,0
BRDA:27,1,1,1
BRDA:28,2,0,1
BRDA:28,2,1,0
BRDA:32,3,0,1
BRDA:32,3,1,0
BRDA:52,4,0,0
BRDA:55,5,0,0
BRDA:78,6,0,0
BRDA:88,7,0,0
BRDA:97,8,0,1
BRDA:97,8,1,0
BRDA:99,9,0,0
BRDA:108,10,0,0
BRDA:138,11,0,0
BRDA:165,12,0,0
BRDA:177,13,0,1
BRDA:177,13,1,0
BRDA:178,14,0,0
BRDA:178,14,1,1
BRDA:179,15,0,0
BRDA:179,15,1,1
BRDA:180,16,0,0
BRDA:180,16,1,1
BRDA:181,17,0,0
BRDA:181,17,1,1
BRDA:182,18,0,0
BRDA:182,18,1,1
BRDA:183,19,0,0
BRDA:183,19,1,1
BRDA:183,20,0,1
BRDA:183,20,1,0
BRDA:186,21,0,0
BRDA:186,21,1,1
BRF:36
BRH:14
end_of_record
TN:
SF:src/routes/hotelRoutes.ts
FNF:0
FNH:0
DA:1,1
DA:2,1
DA:3,1
DA:5,1
DA:7,1
DA:8,1
DA:9,1
DA:10,1
DA:12,1
LF:9
LH:9
BRF:0
BRH:0
end_of_record
